c:\users\visual_graphics\desktop\university\lab\projection\pcl\pcl_v21_total\pcl_v1_kinect\x64\release\vc120.pdb
c:\users\visual_graphics\desktop\university\lab\projection\pcl\pcl_v21_total\pcl_v1_kinect\x64\release\test.obj
c:\users\visual_graphics\desktop\university\lab\projection\pcl\pcl_v21_total\pcl_v1_kinect\x64\release\pcd_test.obj
c:\users\visual_graphics\desktop\university\lab\projection\pcl\pcl_v21_total_v4_physical-physical\pcl_v1_kinect\x64\release\vc120.pdb
c:\users\visual_graphics\desktop\university\lab\projection\pcl\pcl_v21_total_v4_physical-physical\pcl_v1_kinect\x64\release\pcd_test.obj
c:\users\visual_graphics\desktop\university\lab\projection\pcl\pcl_v28_total_keypoint_physical-physical\pcl_v1_kinect\x64\release\vc120.pdb
c:\users\visual_graphics\desktop\university\lab\projection\pcl\pcl_v28_total_keypoint_physical-physical\pcl_v1_kinect\x64\release\pcd_test.obj
c:\users\visual_graphics\desktop\university\lab\projection\pcl\pcl_v30_total_full_physical-physical\pcl_v1_kinect\x64\release\vc120.pdb
c:\users\visual_graphics\desktop\university\lab\projection\pcl\pcl_v30_total_full_physical-physical\pcl_v1_kinect\x64\release\pcd_test.obj
c:\users\visual_graphics\desktop\university\lab\projection\pcl\pcl_v31_total_coordinate_modification\pcl_v1_kinect\x64\release\vc120.pdb
c:\users\visual_graphics\desktop\university\lab\projection\pcl\pcl_v31_total_coordinate_modification\pcl_v1_kinect\x64\release\pcd_test.obj
c:\users\visual_graphics\desktop\university\lab\projection\pcl\pcl_v31_total_coordinate_modification_v2\pcl_v1_kinect\x64\release\vc120.pdb
c:\users\visual_graphics\desktop\university\lab\projection\pcl\pcl_v31_total_coordinate_modification_v2\pcl_v1_kinect\x64\release\pcd_test.obj
c:\users\visual_graphics\desktop\university\lab\projection\pcl\pcl_v35_total_icp\pcl_v1_kinect\x64\release\vc120.pdb
c:\users\visual_graphics\desktop\university\lab\projection\pcl\pcl_v35_total_icp\pcl_v1_kinect\x64\release\pcd_test.obj
c:\users\visual_graphics\desktop\university\lab\projection\pcl\pcl_v37_total_icp_solution\pcl_v1_kinect\x64\release\vc120.pdb
c:\users\visual_graphics\desktop\university\lab\projection\pcl\pcl_v38_total_icp_solution_v2\pcl_v1_kinect\x64\release\vc120.pdb
c:\users\visual_graphics\desktop\university\lab\projection\pcl\pcl_v38_total_icp_solution_v2\pcl_v1_kinect\x64\release\pcd_test.obj
c:\users\visual_graphics\desktop\university\lab\projection\pcl\pcl_v38_total_icp_solution_v2\pcl_v1_kinect\x64\release\test.obj
c:\users\visual_graphics\desktop\university\lab\projection\pcl\pcl_v40_result_v1(seg+icp)\pcl_v1_kinect\x64\release\vc120.pdb
c:\users\visual_graphics\desktop\university\lab\projection\pcl\pcl_v40_result_v1(seg+icp)\pcl_v1_kinect\x64\release\pcl_v40_result_v1(seg+icp).obj
c:\users\visual_graphics\desktop\university\lab\projection\pcl\pcl_v40_result_v1(seg+icp)\pcl_v1_kinect\x64\release\test.obj
c:\users\visual_graphics\desktop\university\lab\projection\pcl\pcl_v40_result_v1(seg+icp)\pcl_v1_kinect\x64\release\sample_consensus_test.obj
c:\users\visual_graphics\desktop\university\lab\projection\pcl\pcl_v40_result_v1(seg+icp)\pcl_v1_kinect\x64\release\sample_consensus_test_2.obj
c:\users\visual_graphics\desktop\university\lab\projection\pcl\pcl_v40_result_v1(seg+icp)\pcl_v1_kinect\x64\release\sample_consensus_test_3.obj
c:\users\visual_graphics\desktop\university\lab\projection\pcl\pcl_v40_result_v1(seg+icp)\pcl_v1_kinect\x64\release\sample_consensus_test_4.obj
c:\users\visual_graphics\desktop\university\lab\projection\pcl\pcl_v40_result_v1(seg+icp)\pcl_v1_kinect\x64\release\sample_consensus_test_5.obj
c:\users\visual_graphics\desktop\university\lab\projection\pcl\pcl_v40_result_v1(seg+icp)\pcl_v1_kinect\x64\release\new_version.obj
c:\users\visual_graphics\desktop\university\lab\projection\pcl\pcl_v40_result_v1(seg+icp)\pcl_v1_kinect\x64\release\new_version_2.obj
c:\users\visual_graphics\desktop\university\lab\projection\pcl\pcl_v40_result_v1(seg+icp)\pcl_v1_kinect\x64\release\소스.obj
c:\users\visual_graphics\desktop\university\lab\projection\pcl\pcl_v40_result_v2(seg+icp)\pcl_v1_kinect\x64\release\vc120.pdb
c:\users\visual_graphics\desktop\university\lab\projection\pcl\pcl_v40_result_v2(seg+icp)\pcl_v1_kinect\x64\release\test.obj
c:\users\visual_graphics\desktop\university\lab\projection\pcl\pcl_v40_result_v2(seg+icp)\pcl_v1_kinect\x64\release\소스.obj
c:\users\visual_graphics\desktop\university\lab\projection\pcl\pcl_v40_result_v2(seg+icp)\pcl_v1_kinect\x64\release\new_version_2.obj
c:\users\visual_graphics\desktop\university\lab\projection\pcl\pcl_v40_result_v2(seg+icp)\pcl_v1_kinect\x64\release\version_1.obj
c:\users\visual_graphics\desktop\university\lab\projection\pcl\pcl_v40_result_v2(seg+icp)\pcl_v1_kinect\x64\release\version_2.obj
c:\users\visual_graphics\desktop\university\lab\projection\pcl\pcl_v40_result_v2(seg+icp)\pcl_v1_kinect\x64\release\icp_activate_via_rotation_test.obj
c:\users\visual_graphics\desktop\university\lab\projection\pcl\pcl_v40_result_v2(seg+icp)\pcl_v1_kinect\x64\release\version_3.obj
c:\users\visual_graphics\desktop\university\lab\projection\pcl\pcl_v40_result_v2(seg+icp)\pcl_v1_kinect\x64\release\icp_activate_via_rotation_test_2.obj
c:\users\visual_graphics\desktop\university\lab\projection\pcl\pcl_v40_result_v2(seg+icp)\pcl_v1_kinect\x64\release\version_4.obj
c:\users\visual_graphics\desktop\university\lab\projection\pcl\pcl_v43_result_v2(recog+icp)\pcl_v1_kinect\x64\release\vc120.pdb
c:\users\visual_graphics\desktop\university\lab\projection\pcl\pcl_v43_result_v2(recog+icp)\pcl_v1_kinect\x64\release\version_2.obj
c:\users\visual_graphics\desktop\university\lab\projection\pcl\pcl_v43_result_v2(recog+icp)\pcl_v1_kinect\x64\release\version_1.obj
c:\users\visual_graphics\desktop\university\lab\projection\pcl\pcl_v45_semi_final\pcl_v1_kinect\x64\release\vc120.pdb
c:\users\visual_graphics\desktop\university\lab\projection\pcl\pcl_v45_semi_final\pcl_v1_kinect\x64\release\version_1.obj
c:\users\visual_graphics\desktop\university\lab\projection\pcl\pcl_v45_semi_final\pcl_v1_kinect\x64\release\translation_chk.obj
c:\users\visual_graphics\desktop\university\lab\projection\pcl\pcl_v45_semi_final\pcl_v1_kinect\x64\release\main.obj
c:\users\visual_graphics\desktop\university\lab\projection\pcl\pcl_v21_total\x64\release\pcl_v1_kinect.exe
c:\users\visual_graphics\desktop\university\lab\projection\pcl\pcl_v21_total\x64\release\pcl_v1_kinect.pdb
c:\users\visual_graphics\desktop\university\lab\projection\pcl\pcl_v21_total_v4_physical-physical\x64\release\pcl_v1_kinect.exe
c:\users\visual_graphics\desktop\university\lab\projection\pcl\pcl_v21_total_v4_physical-physical\x64\release\pcl_v1_kinect.pdb
c:\users\visual_graphics\desktop\university\lab\projection\pcl\pcl_v28_total_keypoint_physical-physical\x64\release\pcl_v1_kinect.exe
c:\users\visual_graphics\desktop\university\lab\projection\pcl\pcl_v28_total_keypoint_physical-physical\x64\release\pcl_v1_kinect.pdb
c:\users\visual_graphics\desktop\university\lab\projection\pcl\pcl_v30_total_full_physical-physical\x64\release\pcl_v1_kinect.exe
c:\users\visual_graphics\desktop\university\lab\projection\pcl\pcl_v30_total_full_physical-physical\x64\release\pcl_v1_kinect.pdb
c:\users\visual_graphics\desktop\university\lab\projection\pcl\pcl_v31_total_coordinate_modification\x64\release\pcl_v1_kinect.exe
c:\users\visual_graphics\desktop\university\lab\projection\pcl\pcl_v31_total_coordinate_modification\x64\release\pcl_v1_kinect.pdb
c:\users\visual_graphics\desktop\university\lab\projection\pcl\pcl_v31_total_coordinate_modification_v2\x64\release\pcl_v1_kinect.exe
c:\users\visual_graphics\desktop\university\lab\projection\pcl\pcl_v31_total_coordinate_modification_v2\x64\release\pcl_v1_kinect.pdb
c:\users\visual_graphics\desktop\university\lab\projection\pcl\pcl_v35_total_icp\x64\release\pcl_v1_kinect.exe
c:\users\visual_graphics\desktop\university\lab\projection\pcl\pcl_v35_total_icp\x64\release\pcl_v1_kinect.pdb
c:\users\visual_graphics\desktop\university\lab\projection\pcl\pcl_v38_total_icp_solution_v2\x64\release\pcl_v1_kinect.exe
c:\users\visual_graphics\desktop\university\lab\projection\pcl\pcl_v38_total_icp_solution_v2\x64\release\pcl_v1_kinect.pdb
c:\users\visual_graphics\desktop\university\lab\projection\pcl\pcl_v40_result_v1(seg+icp)\x64\release\pcl_v1_kinect.exe
c:\users\visual_graphics\desktop\university\lab\projection\pcl\pcl_v40_result_v1(seg+icp)\x64\release\pcl_v1_kinect.pdb
c:\users\visual_graphics\desktop\university\lab\projection\pcl\pcl_v40_result_v2(seg+icp)\x64\release\pcl_v1_kinect.exe
c:\users\visual_graphics\desktop\university\lab\projection\pcl\pcl_v40_result_v2(seg+icp)\x64\release\pcl_v1_kinect.pdb
c:\users\visual_graphics\desktop\university\lab\projection\pcl\pcl_v43_result_v2(recog+icp)\x64\release\pcl_v1_kinect.exe
c:\users\visual_graphics\desktop\university\lab\projection\pcl\pcl_v43_result_v2(recog+icp)\x64\release\pcl_v1_kinect.pdb
c:\users\visual_graphics\desktop\university\lab\projection\pcl\pcl_v45_semi_final\x64\release\pcl_v1_kinect.exe
c:\users\visual_graphics\desktop\university\lab\projection\pcl\pcl_v45_semi_final\x64\release\pcl_v1_kinect.pdb
c:\users\visual_graphics\desktop\university\lab\projection\pcl\pcl_v45_semi_final\pcl_v1_kinect\x64\release\icp_activate_via_rotation_test.obj
c:\users\visual_graphics\desktop\university\lab\projection\pcl\pcl_v45_semi_final\pcl_v1_kinect\x64\release\icp_activate_via_rotation_test_2.obj
c:\users\visual_graphics\desktop\university\lab\projection\pcl\pcl_v45_semi_final\pcl_v1_kinect\x64\release\new_version.obj
c:\users\visual_graphics\desktop\university\lab\projection\pcl\pcl_v45_semi_final\pcl_v1_kinect\x64\release\new_version_2.obj
c:\users\visual_graphics\desktop\university\lab\projection\pcl\pcl_v45_semi_final\pcl_v1_kinect\x64\release\pcd_test.obj
c:\users\visual_graphics\desktop\university\lab\projection\pcl\pcl_v45_semi_final\pcl_v1_kinect\x64\release\pcl_v40_result_v1(seg+icp).obj
c:\users\visual_graphics\desktop\university\lab\projection\pcl\pcl_v45_semi_final\pcl_v1_kinect\x64\release\sample_consensus_test.obj
c:\users\visual_graphics\desktop\university\lab\projection\pcl\pcl_v45_semi_final\pcl_v1_kinect\x64\release\sample_consensus_test_2.obj
c:\users\visual_graphics\desktop\university\lab\projection\pcl\pcl_v45_semi_final\pcl_v1_kinect\x64\release\sample_consensus_test_3.obj
c:\users\visual_graphics\desktop\university\lab\projection\pcl\pcl_v45_semi_final\pcl_v1_kinect\x64\release\sample_consensus_test_4.obj
c:\users\visual_graphics\desktop\university\lab\projection\pcl\pcl_v45_semi_final\pcl_v1_kinect\x64\release\sample_consensus_test_5.obj
c:\users\visual_graphics\desktop\university\lab\projection\pcl\pcl_v45_semi_final\pcl_v1_kinect\x64\release\test.obj
c:\users\visual_graphics\desktop\university\lab\projection\pcl\pcl_v45_semi_final\pcl_v1_kinect\x64\release\version_2.obj
c:\users\visual_graphics\desktop\university\lab\projection\pcl\pcl_v45_semi_final\pcl_v1_kinect\x64\release\version_3.obj
c:\users\visual_graphics\desktop\university\lab\projection\pcl\pcl_v45_semi_final\pcl_v1_kinect\x64\release\version_4.obj
c:\users\visual_graphics\desktop\university\lab\projection\pcl\pcl_v45_semi_final\pcl_v1_kinect\x64\release\소스.obj
c:\users\visual_graphics\desktop\university\lab\projection\pcl\pcl_v45_semi_final\pcl_v1_kinect\x64\release\pcl_v1_kinect.tlog\cl.command.1.tlog
c:\users\visual_graphics\desktop\university\lab\projection\pcl\pcl_v45_semi_final\pcl_v1_kinect\x64\release\pcl_v1_kinect.tlog\cl.read.1.tlog
c:\users\visual_graphics\desktop\university\lab\projection\pcl\pcl_v45_semi_final\pcl_v1_kinect\x64\release\pcl_v1_kinect.tlog\cl.write.1.tlog
c:\users\visual_graphics\desktop\university\lab\projection\pcl\pcl_v45_semi_final\pcl_v1_kinect\x64\release\pcl_v1_kinect.tlog\link.command.1.tlog
c:\users\visual_graphics\desktop\university\lab\projection\pcl\pcl_v45_semi_final\pcl_v1_kinect\x64\release\pcl_v1_kinect.tlog\link.read.1.tlog
c:\users\visual_graphics\desktop\university\lab\projection\pcl\pcl_v45_semi_final\pcl_v1_kinect\x64\release\pcl_v1_kinect.tlog\link.write.1.tlog
